<?xml version="1.0" encoding="UTF-8"?>
<testsuite name="org.fest.swing.fixture.JButtonFixtureTest" failures="1" tests="1" time="0.359" errors="0">
  <properties/>
  <testcase name="shouldThrowErrorIfDriverIsNull" time="0.016" classname="org.fest.swing.fixture.JButtonFixtureTest">
    <failure type="org.testng.TestException" message="
Expected an exception in test method org.fest.swing.fixture.JButtonFixtureTest.shouldThrowErrorIfDriverIsNull()">
      <![CDATA[org.testng.TestException: 
Expected an exception in test method org.fest.swing.fixture.JButtonFixtureTest.shouldThrowErrorIfDriverIsNull()
... Removed 16 stack frames]]>
    </failure>
  </testcase>
</testsuite>
