<testng-results>
  <reporter-output>
  </reporter-output>
  <suite name="fest-swing">
    <groups>
    </groups>
    <test name="org.fest.swing.fixture.JComboBoxFixtureTest">
      <class name="org.fest.swing.fixture.JComboBoxFixtureTest">
        <test-method status="PASS" signature="setUp()" name="setUp" is-config="true" duration-ms="390" started-at="2009-03-11T14:15:51Z" finished-at="2009-03-11T14:15:51Z">
        </test-method>
        <test-method status="PASS" signature="setUpOnce()" name="setUpOnce" is-config="true" duration-ms="63" started-at="2009-03-11T14:15:51Z" finished-at="2009-03-11T14:15:51Z">
        </test-method>
        <test-method status="PASS" signature="shouldThrowErrorIfDriverIsNull()" name="shouldThrowErrorIfDriverIsNull" duration-ms="0" started-at="2009-03-11T14:15:51Z" finished-at="2009-03-11T14:15:51Z">
          <exception class="java.lang.NullPointerException">
            <message>
              <![CDATA[The driver should not be null]]>
            </message>
            <full-stacktrace>
              <![CDATA[java.lang.NullPointerException: The driver should not be null
	at org.fest.swing.fixture.ComponentFixture.validate(ComponentFixture.java:77)
	at org.fest.swing.fixture.JComboBoxFixture.driver(JComboBoxFixture.java:84)
	at org.fest.swing.fixture.JComboBoxFixtureTest.shouldThrowErrorIfDriverIsNull(JComboBoxFixtureTest.java:58)
	at sun.reflect.NativeMethodAccessorImpl.invoke0(Native Method)
	at sun.reflect.NativeMethodAccessorImpl.invoke(Unknown Source)
	at sun.reflect.DelegatingMethodAccessorImpl.invoke(Unknown Source)
	at java.lang.reflect.Method.invoke(Unknown Source)
	at org.testng.internal.MethodHelper.invokeMethod(MethodHelper.java:580)
	at org.testng.internal.Invoker.invokeMethod(Invoker.java:478)
	at org.testng.internal.Invoker.invokeTestMethod(Invoker.java:617)
	at org.testng.internal.Invoker.invokeTestMethods(Invoker.java:885)
	at org.testng.internal.TestMethodWorker.invokeTestMethods(TestMethodWorker.java:126)
	at org.testng.internal.TestMethodWorker.run(TestMethodWorker.java:110)
	at org.testng.TestRunner.runWorkers(TestRunner.java:712)
	at org.testng.TestRunner.privateRun(TestRunner.java:582)
	at org.testng.TestRunner.run(TestRunner.java:477)
	at org.testng.SuiteRunner.runTest(SuiteRunner.java:324)
	at org.testng.SuiteRunner.runSequentially(SuiteRunner.java:319)
	at org.testng.SuiteRunner.privateRun(SuiteRunner.java:292)
	at org.testng.SuiteRunner.run(SuiteRunner.java:198)
	at org.testng.TestNG.createAndRunSuiteRunners(TestNG.java:823)
	at org.testng.TestNG.runSuitesLocally(TestNG.java:790)
	at org.testng.TestNG.run(TestNG.java:708)
	at org.testng.remote.RemoteTestNG.run(RemoteTestNG.java:73)
	at org.testng.remote.RemoteTestNG.main(RemoteTestNG.java:124)
]]>
            </full-stacktrace>
          </exception>
        </test-method>
      </class>
    </test>
  </suite>
</testng-results>
